<?xml version="1.0" encoding="UTF-8"?>
<!-- Generated by org.testng.reporters.JUnitReportReporter -->
<testsuite skipped="0" hostname="DESKTOP-D1233BU" name="com.actitime.testscript.CustomerModule" tests="2" failures="0" timestamp="16 Sep 2021 21:23:04 GMT" time="0.037" errors="0">
  <testcase name="deleteCustomer" time="0.020" classname="com.actitime.testscript.CustomerModule"/>
  <testcase name="createCustomer" time="0.017" classname="com.actitime.testscript.CustomerModule"/>
</testsuite> <!-- com.actitime.testscript.CustomerModule -->
